build/app/intermediates/manifest_merge_blame_file/debug/manifest-merger-blame-debug-report.txt
1<?xml version="1.0" encoding="utf-8"?>
2<manifest xmlns:android="http://schemas.android.com/apk/res/android"
3    package="com.edentech.fuodzdeliveryboy"
4    android:versionCode="9"
5    android:versionName="1.3.0" >
6
7    <uses-sdk
8        android:minSdkVersion="23"
9        android:targetSdkVersion="29" />
10    <!--
11         Flutter needs it to communicate with the running application
12         to allow setting breakpoints, to provide hot reload, etc.
13    -->
14    <uses-permission android:name="android.permission.INTERNET" />
14-->src\debug\AndroidManifest.xml:6:5-66
14-->src\debug\AndroidManifest.xml:6:22-64
15    <uses-permission android:name="android.permission.WAKE_LOCK" />
15-->[:firebase_messaging] AndroidManifest.xml:8:5-68
15-->[:firebase_messaging] AndroidManifest.xml:8:22-65
16    <uses-permission android:name="android.permission.ACCESS_NETWORK_STATE" />
16-->[:firebase_messaging] AndroidManifest.xml:9:5-79
16-->[:firebase_messaging] AndroidManifest.xml:9:22-76
17    <uses-permission android:name="android.permission.READ_EXTERNAL_STORAGE" />
17-->[:image_picker] AndroidManifest.xml:7:5-80
17-->[:image_picker] AndroidManifest.xml:7:22-77
18    <uses-permission android:name="android.permission.WRITE_EXTERNAL_STORAGE" />
18-->[:image_picker] AndroidManifest.xml:8:5-81
18-->[:image_picker] AndroidManifest.xml:8:22-78
19    <uses-permission android:name="android.permission.RECEIVE_BOOT_COMPLETED" />
19-->[:flutter_local_notifications] AndroidManifest.xml:7:5-81
19-->[:flutter_local_notifications] AndroidManifest.xml:7:22-78
20    <uses-permission android:name="android.permission.VIBRATE" />
20-->[:flutter_local_notifications] AndroidManifest.xml:8:5-66
20-->[:flutter_local_notifications] AndroidManifest.xml:8:22-63
21    <uses-permission android:name="android.permission.USE_FULL_SCREEN_INTENT" />
21-->[:flutter_local_notifications] AndroidManifest.xml:9:5-81
21-->[:flutter_local_notifications] AndroidManifest.xml:9:22-78
22    <uses-permission android:name="android.permission.FOREGROUND_SERVICE" />
22-->[:assets_audio_player] AndroidManifest.xml:7:5-77
22-->[:assets_audio_player] AndroidManifest.xml:7:22-74
23    <uses-permission android:name="android.permission.ACCESS_MEDIA_LOCATION" />
23-->[:photo_manager] AndroidManifest.xml:9:5-80
23-->[:photo_manager] AndroidManifest.xml:9:22-77
24
25    <queries>
25-->[:map_launcher] AndroidManifest.xml:7:5-20:15
26        <package android:name="com.google.android.apps.maps" />
26-->[:map_launcher] AndroidManifest.xml:8:9-64
26-->[:map_launcher] AndroidManifest.xml:8:18-61
27        <package android:name="com.google.android.apps.mapslite" />
27-->[:map_launcher] AndroidManifest.xml:9:9-68
27-->[:map_launcher] AndroidManifest.xml:9:18-65
28        <package android:name="com.autonavi.minimap" />
28-->[:map_launcher] AndroidManifest.xml:10:9-56
28-->[:map_launcher] AndroidManifest.xml:10:18-53
29        <package android:name="com.baidu.BaiduMap" />
29-->[:map_launcher] AndroidManifest.xml:11:9-54
29-->[:map_launcher] AndroidManifest.xml:11:18-51
30        <package android:name="com.waze" />
30-->[:map_launcher] AndroidManifest.xml:12:9-44
30-->[:map_launcher] AndroidManifest.xml:12:18-41
31        <package android:name="ru.yandex.yandexnavi" />
31-->[:map_launcher] AndroidManifest.xml:13:9-56
31-->[:map_launcher] AndroidManifest.xml:13:18-53
32        <package android:name="ru.yandex.yandexmaps" />
32-->[:map_launcher] AndroidManifest.xml:14:9-56
32-->[:map_launcher] AndroidManifest.xml:14:18-53
33        <package android:name="com.citymapper.app.release" />
33-->[:map_launcher] AndroidManifest.xml:15:9-62
33-->[:map_launcher] AndroidManifest.xml:15:18-59
34        <package android:name="com.mapswithme.maps.pro" />
34-->[:map_launcher] AndroidManifest.xml:16:9-59
34-->[:map_launcher] AndroidManifest.xml:16:18-56
35        <package android:name="net.osmand" />
35-->[:map_launcher] AndroidManifest.xml:17:9-46
35-->[:map_launcher] AndroidManifest.xml:17:18-43
36        <package android:name="ru.dublgis.dgismobile" />
36-->[:map_launcher] AndroidManifest.xml:18:9-57
36-->[:map_launcher] AndroidManifest.xml:18:18-54
37        <package android:name="com.tencent.map" />
37-->[:map_launcher] AndroidManifest.xml:19:9-51
37-->[:map_launcher] AndroidManifest.xml:19:18-48
38    </queries>
39
40    <uses-permission android:name="android.permission.ACCESS_COARSE_LOCATION" />
40-->[:location] AndroidManifest.xml:7:5-81
40-->[:location] AndroidManifest.xml:7:22-78
41    <uses-permission android:name="android.permission.ACCESS_FINE_LOCATION" /> <!-- Required by older versions of Google Play services to create IID tokens -->
41-->[:location] AndroidManifest.xml:8:5-79
41-->[:location] AndroidManifest.xml:8:22-76
42    <uses-permission android:name="com.google.android.c2dm.permission.RECEIVE" />
42-->[com.google.firebase:firebase-iid:21.0.1] AndroidManifest.xml:26:5-82
42-->[com.google.firebase:firebase-iid:21.0.1] AndroidManifest.xml:26:22-79
43    <uses-permission android:name="android.permission.CAMERA" /> <!-- Don't require camera, as this requires a rear camera. This allows it to work on the Nexus 7 -->
43-->[com.journeyapps:zxing-android-embedded:4.1.0] AndroidManifest.xml:22:5-65
43-->[com.journeyapps:zxing-android-embedded:4.1.0] AndroidManifest.xml:22:22-62
44    <uses-feature
44-->[com.journeyapps:zxing-android-embedded:4.1.0] AndroidManifest.xml:25:5-27:36
45        android:name="android.hardware.camera"
45-->[com.journeyapps:zxing-android-embedded:4.1.0] AndroidManifest.xml:26:9-47
46        android:required="false" />
46-->[com.journeyapps:zxing-android-embedded:4.1.0] AndroidManifest.xml:27:9-33
47    <uses-feature
47-->[com.journeyapps:zxing-android-embedded:4.1.0] AndroidManifest.xml:28:5-30:36
48        android:name="android.hardware.camera.front"
48-->[com.journeyapps:zxing-android-embedded:4.1.0] AndroidManifest.xml:29:9-53
49        android:required="false" /> <!-- TODO replace above two with next line after Android 4.2 -->
49-->[com.journeyapps:zxing-android-embedded:4.1.0] AndroidManifest.xml:30:9-33
50    <!-- <uses-feature android:name="android.hardware.camera.any"/> -->
51    <uses-feature
51-->[com.journeyapps:zxing-android-embedded:4.1.0] AndroidManifest.xml:33:5-35:36
52        android:name="android.hardware.camera.autofocus"
52-->[com.journeyapps:zxing-android-embedded:4.1.0] AndroidManifest.xml:34:9-57
53        android:required="false" />
53-->[com.journeyapps:zxing-android-embedded:4.1.0] AndroidManifest.xml:35:9-33
54    <uses-feature
54-->[com.journeyapps:zxing-android-embedded:4.1.0] AndroidManifest.xml:36:5-38:36
55        android:name="android.hardware.camera.flash"
55-->[com.journeyapps:zxing-android-embedded:4.1.0] AndroidManifest.xml:37:9-53
56        android:required="false" />
56-->[com.journeyapps:zxing-android-embedded:4.1.0] AndroidManifest.xml:38:9-33
57    <uses-feature
57-->[com.journeyapps:zxing-android-embedded:4.1.0] AndroidManifest.xml:39:5-41:36
58        android:name="android.hardware.screen.landscape"
58-->[com.journeyapps:zxing-android-embedded:4.1.0] AndroidManifest.xml:40:9-57
59        android:required="false" />
59-->[com.journeyapps:zxing-android-embedded:4.1.0] AndroidManifest.xml:41:9-33
60    <uses-feature
60-->[com.journeyapps:zxing-android-embedded:4.1.0] AndroidManifest.xml:42:5-44:36
61        android:name="android.hardware.wifi"
61-->[com.journeyapps:zxing-android-embedded:4.1.0] AndroidManifest.xml:43:9-45
62        android:required="false" />
62-->[com.journeyapps:zxing-android-embedded:4.1.0] AndroidManifest.xml:44:9-33
63
64    <application
64-->src\main\AndroidManifest.xml:12:5-69:19
65        android:name="io.flutter.app.FlutterApplication"
65-->src\main\AndroidManifest.xml:13:9-57
66        android:appComponentFactory="androidx.core.app.CoreComponentFactory"
66-->[androidx.core:core:1.3.2] AndroidManifest.xml:24:18-86
67        android:debuggable="true"
68        android:extractNativeLibs="false"
69        android:icon="@mipmap/launcher_icon"
69-->src\main\AndroidManifest.xml:17:9-45
70        android:label="RestoBox Delivery Boy"
70-->src\main\AndroidManifest.xml:14:9-46
71        android:requestLegacyExternalStorage="true"
71-->src\main\AndroidManifest.xml:16:9-52
72        android:usesCleartextTraffic="true" >
72-->src\main\AndroidManifest.xml:15:9-44
73        <activity
73-->src\main\AndroidManifest.xml:19:9-62:20
74            android:name="com.edentech.fuodzdeliveryboy.MainActivity"
74-->src\main\AndroidManifest.xml:20:13-41
75            android:configChanges="orientation|keyboardHidden|keyboard|screenSize|smallestScreenSize|locale|layoutDirection|fontScale|screenLayout|density|uiMode"
75-->src\main\AndroidManifest.xml:23:13-163
76            android:hardwareAccelerated="true"
76-->src\main\AndroidManifest.xml:24:13-47
77            android:launchMode="singleTop"
77-->src\main\AndroidManifest.xml:21:13-43
78            android:theme="@style/LaunchTheme"
78-->src\main\AndroidManifest.xml:22:13-47
79            android:windowSoftInputMode="adjustResize" >
79-->src\main\AndroidManifest.xml:25:13-55
80
81            <!--
82                 Specifies an Android theme to apply to this Activity as soon as
83                 the Android process has started. This theme is visible to the user
84                 while the Flutter UI initializes. After that, this theme continues
85                 to determine the Window background behind the Flutter UI.
86            -->
87            <meta-data
87-->src\main\AndroidManifest.xml:30:13-33:17
88                android:name="io.flutter.embedding.android.NormalTheme"
88-->src\main\AndroidManifest.xml:31:15-70
89                android:resource="@style/NormalTheme" />
89-->src\main\AndroidManifest.xml:32:15-52
90            <!--
91                 Displays an Android View that continues showing the launch screen
92                 Drawable until Flutter paints its first frame, then this splash
93                 screen fades out. A splash screen is useful to avoid any visual
94                 gap between the end of Android's launch screen and the painting of
95                 Flutter's first frame.
96            -->
97            <meta-data
97-->src\main\AndroidManifest.xml:39:13-42:17
98                android:name="io.flutter.embedding.android.SplashScreenDrawable"
98-->src\main\AndroidManifest.xml:40:15-79
99                android:resource="@drawable/launch_background" />
99-->src\main\AndroidManifest.xml:41:15-61
100
101            <!-- Firebase notification -->
102            <meta-data
102-->src\main\AndroidManifest.xml:45:13-47:58
103                android:name="com.google.firebase.messaging.default_notification_channel_id"
103-->src\main\AndroidManifest.xml:46:17-93
104                android:value="high_importance_channel" />
104-->src\main\AndroidManifest.xml:47:17-56
105            <meta-data
105-->src\main\AndroidManifest.xml:49:13-51:64
106                android:name="com.google.firebase.messaging.default_notification_icon"
106-->src\main\AndroidManifest.xml:50:17-87
107                android:resource="@mipmap/notification_icon" />
107-->src\main\AndroidManifest.xml:51:17-61
108
109            <intent-filter>
109-->src\main\AndroidManifest.xml:53:13-56:29
110                <action android:name="android.intent.action.MAIN" />
110-->src\main\AndroidManifest.xml:54:17-68
110-->src\main\AndroidManifest.xml:54:25-66
111
112                <category android:name="android.intent.category.LAUNCHER" />
112-->src\main\AndroidManifest.xml:55:17-76
112-->src\main\AndroidManifest.xml:55:27-74
113            </intent-filter>
114            <intent-filter>
114-->src\main\AndroidManifest.xml:58:13-61:29
115                <action android:name="FLUTTER_NOTIFICATION_CLICK" />
115-->src\main\AndroidManifest.xml:59:17-69
115-->src\main\AndroidManifest.xml:59:25-66
116
117                <category android:name="android.intent.category.DEFAULT" />
117-->src\main\AndroidManifest.xml:60:17-76
117-->src\main\AndroidManifest.xml:60:27-73
118            </intent-filter>
119        </activity>
120        <!--
121             Don't delete the meta-data below.
122             This is used by the Flutter tool to generate GeneratedPluginRegistrant.java
123        -->
124        <meta-data
124-->src\main\AndroidManifest.xml:65:9-67:33
125            android:name="flutterEmbedding"
125-->src\main\AndroidManifest.xml:66:13-44
126            android:value="2" />
126-->src\main\AndroidManifest.xml:67:13-30
127
128        <service
128-->[:cloud_firestore] AndroidManifest.xml:8:9-12:19
129            android:name="com.google.firebase.components.ComponentDiscoveryService"
129-->[:cloud_firestore] AndroidManifest.xml:8:18-89
130            android:directBootAware="true"
130-->[com.google.firebase:firebase-common:19.5.0] AndroidManifest.xml:35:13-43
131            android:exported="false" >
131-->[com.google.firebase:firebase-messaging-ktx:21.0.1] AndroidManifest.xml:28:13-37
132            <meta-data
132-->[:cloud_firestore] AndroidManifest.xml:9:13-11:85
133                android:name="com.google.firebase.components:io.flutter.plugins.firebase.firestore.FlutterFirebaseFirestoreRegistrar"
133-->[:cloud_firestore] AndroidManifest.xml:10:17-134
134                android:value="com.google.firebase.components.ComponentRegistrar" />
134-->[:cloud_firestore] AndroidManifest.xml:11:17-82
135            <meta-data
135-->[:firebase_auth] AndroidManifest.xml:9:13-11:85
136                android:name="com.google.firebase.components:io.flutter.plugins.firebase.auth.FlutterFirebaseAuthRegistrar"
136-->[:firebase_auth] AndroidManifest.xml:10:17-124
137                android:value="com.google.firebase.components.ComponentRegistrar" />
137-->[:firebase_auth] AndroidManifest.xml:11:17-82
138            <meta-data
138-->[:firebase_storage] AndroidManifest.xml:9:13-11:85
139                android:name="com.google.firebase.components:io.flutter.plugins.firebase.storage.FlutterFirebaseAppRegistrar"
139-->[:firebase_storage] AndroidManifest.xml:10:17-126
140                android:value="com.google.firebase.components.ComponentRegistrar" />
140-->[:firebase_storage] AndroidManifest.xml:11:17-82
141            <meta-data
141-->[:firebase_messaging] AndroidManifest.xml:34:13-36:85
142                android:name="com.google.firebase.components:io.flutter.plugins.firebase.messaging.FlutterFirebaseAppRegistrar"
142-->[:firebase_messaging] AndroidManifest.xml:35:17-128
143                android:value="com.google.firebase.components.ComponentRegistrar" />
143-->[:firebase_messaging] AndroidManifest.xml:36:17-82
144            <meta-data
144-->[:firebase_core] AndroidManifest.xml:9:13-11:85
145                android:name="com.google.firebase.components:io.flutter.plugins.firebase.core.FlutterFirebaseCoreRegistrar"
145-->[:firebase_core] AndroidManifest.xml:10:17-124
146                android:value="com.google.firebase.components.ComponentRegistrar" />
146-->[:firebase_core] AndroidManifest.xml:11:17-82
147            <meta-data
147-->[com.google.firebase:firebase-messaging-ktx:21.0.1] AndroidManifest.xml:29:13-31:85
148                android:name="com.google.firebase.components:com.google.firebase.messaging.ktx.FirebaseMessagingKtxRegistrar"
148-->[com.google.firebase:firebase-messaging-ktx:21.0.1] AndroidManifest.xml:30:17-126
149                android:value="com.google.firebase.components.ComponentRegistrar" />
149-->[com.google.firebase:firebase-messaging-ktx:21.0.1] AndroidManifest.xml:31:17-82
150            <meta-data
150-->[com.google.firebase:firebase-auth-ktx:20.0.4] AndroidManifest.xml:11:13-13:85
151                android:name="com.google.firebase.components:com.google.firebase.auth.ktx.FirebaseAuthKtxRegistrar"
151-->[com.google.firebase:firebase-auth-ktx:20.0.4] AndroidManifest.xml:12:17-116
152                android:value="com.google.firebase.components.ComponentRegistrar" />
152-->[com.google.firebase:firebase-auth-ktx:20.0.4] AndroidManifest.xml:13:17-82
153            <meta-data
153-->[com.google.firebase:firebase-common-ktx:19.5.0] AndroidManifest.xml:15:13-17:85
154                android:name="com.google.firebase.components:com.google.firebase.ktx.FirebaseCommonKtxRegistrar"
154-->[com.google.firebase:firebase-common-ktx:19.5.0] AndroidManifest.xml:16:17-113
155                android:value="com.google.firebase.components.ComponentRegistrar" />
155-->[com.google.firebase:firebase-common-ktx:19.5.0] AndroidManifest.xml:17:17-82
156            <meta-data
156-->[com.google.firebase:firebase-firestore:22.0.1] AndroidManifest.xml:20:13-22:85
157                android:name="com.google.firebase.components:com.google.firebase.firestore.FirestoreRegistrar"
157-->[com.google.firebase:firebase-firestore:22.0.1] AndroidManifest.xml:21:17-111
158                android:value="com.google.firebase.components.ComponentRegistrar" />
158-->[com.google.firebase:firebase-firestore:22.0.1] AndroidManifest.xml:22:17-82
159            <meta-data
159-->[com.google.firebase:firebase-auth:20.0.4] AndroidManifest.xml:77:13-79:85
160                android:name="com.google.firebase.components:com.google.firebase.auth.FirebaseAuthRegistrar"
160-->[com.google.firebase:firebase-auth:20.0.4] AndroidManifest.xml:78:17-109
161                android:value="com.google.firebase.components.ComponentRegistrar" />
161-->[com.google.firebase:firebase-auth:20.0.4] AndroidManifest.xml:79:17-82
162            <meta-data
162-->[com.google.firebase:firebase-messaging:21.0.1] AndroidManifest.xml:39:13-41:85
163                android:name="com.google.firebase.components:com.google.firebase.messaging.FirebaseMessagingRegistrar"
163-->[com.google.firebase:firebase-messaging:21.0.1] AndroidManifest.xml:40:17-119
164                android:value="com.google.firebase.components.ComponentRegistrar" />
164-->[com.google.firebase:firebase-messaging:21.0.1] AndroidManifest.xml:41:17-82
165            <meta-data
165-->[com.google.firebase:firebase-storage:19.2.1] AndroidManifest.xml:33:13-35:85
166                android:name="com.google.firebase.components:com.google.firebase.storage.StorageRegistrar"
166-->[com.google.firebase:firebase-storage:19.2.1] AndroidManifest.xml:34:17-107
167                android:value="com.google.firebase.components.ComponentRegistrar" />
167-->[com.google.firebase:firebase-storage:19.2.1] AndroidManifest.xml:35:17-82
168            <meta-data
168-->[com.google.firebase:firebase-datatransport:17.0.10] AndroidManifest.xml:28:13-30:85
169                android:name="com.google.firebase.components:com.google.firebase.datatransport.TransportRegistrar"
169-->[com.google.firebase:firebase-datatransport:17.0.10] AndroidManifest.xml:29:17-115
170                android:value="com.google.firebase.components.ComponentRegistrar" />
170-->[com.google.firebase:firebase-datatransport:17.0.10] AndroidManifest.xml:30:17-82
171            <meta-data
171-->[com.google.firebase:firebase-iid:21.0.1] AndroidManifest.xml:32:13-34:85
172                android:name="com.google.firebase.components:com.google.firebase.iid.Registrar"
172-->[com.google.firebase:firebase-iid:21.0.1] AndroidManifest.xml:33:17-96
173                android:value="com.google.firebase.components.ComponentRegistrar" />
173-->[com.google.firebase:firebase-iid:21.0.1] AndroidManifest.xml:34:17-82
174            <meta-data
174-->[com.google.firebase:firebase-installations:16.3.5] AndroidManifest.xml:18:13-20:85
175                android:name="com.google.firebase.components:com.google.firebase.installations.FirebaseInstallationsRegistrar"
175-->[com.google.firebase:firebase-installations:16.3.5] AndroidManifest.xml:19:17-127
176                android:value="com.google.firebase.components.ComponentRegistrar" />
176-->[com.google.firebase:firebase-installations:16.3.5] AndroidManifest.xml:20:17-82
177            <!--
178                This registrar is not defined in the dynamic-module-support sdk itself to allow non-firebase
179                clients to use it as well, by defining this registrar in their own core/common library.
180            -->
181            <meta-data
181-->[com.google.firebase:firebase-common:19.5.0] AndroidManifest.xml:43:13-45:85
182                android:name="com.google.firebase.components:com.google.firebase.dynamicloading.DynamicLoadingRegistrar"
182-->[com.google.firebase:firebase-common:19.5.0] AndroidManifest.xml:44:17-121
183                android:value="com.google.firebase.components.ComponentRegistrar" />
183-->[com.google.firebase:firebase-common:19.5.0] AndroidManifest.xml:45:17-82
184        </service>
185        <service
185-->[:firebase_messaging] AndroidManifest.xml:12:9-15:72
186            android:name="io.flutter.plugins.firebase.messaging.FlutterFirebaseMessagingBackgroundService"
186-->[:firebase_messaging] AndroidManifest.xml:13:13-107
187            android:exported="false"
187-->[:firebase_messaging] AndroidManifest.xml:14:13-37
188            android:permission="android.permission.BIND_JOB_SERVICE" />
188-->[:firebase_messaging] AndroidManifest.xml:15:13-69
189        <service
189-->[:firebase_messaging] AndroidManifest.xml:16:9-22:19
190            android:name="io.flutter.plugins.firebase.messaging.FlutterFirebaseMessagingService"
190-->[:firebase_messaging] AndroidManifest.xml:17:13-97
191            android:exported="false" >
191-->[:firebase_messaging] AndroidManifest.xml:18:13-37
192            <intent-filter>
192-->[:firebase_messaging] AndroidManifest.xml:19:13-21:29
193                <action android:name="com.google.firebase.MESSAGING_EVENT" />
193-->[:firebase_messaging] AndroidManifest.xml:20:17-78
193-->[:firebase_messaging] AndroidManifest.xml:20:25-75
194            </intent-filter>
195        </service>
196
197        <receiver
197-->[:firebase_messaging] AndroidManifest.xml:24:9-31:20
198            android:name="io.flutter.plugins.firebase.messaging.FlutterFirebaseMessagingReceiver"
198-->[:firebase_messaging] AndroidManifest.xml:25:13-98
199            android:exported="true"
199-->[:firebase_messaging] AndroidManifest.xml:26:13-36
200            android:permission="com.google.android.c2dm.permission.SEND" >
200-->[:firebase_messaging] AndroidManifest.xml:27:13-73
201            <intent-filter>
201-->[:firebase_messaging] AndroidManifest.xml:28:13-30:29
202                <action android:name="com.google.android.c2dm.intent.RECEIVE" />
202-->[:firebase_messaging] AndroidManifest.xml:29:17-81
202-->[:firebase_messaging] AndroidManifest.xml:29:25-78
203            </intent-filter>
204        </receiver>
205
206        <provider
206-->[:firebase_messaging] AndroidManifest.xml:39:9-43:38
207            android:name="io.flutter.plugins.firebase.messaging.FlutterFirebaseMessagingInitProvider"
207-->[:firebase_messaging] AndroidManifest.xml:40:13-102
208            android:authorities="com.edentech.fuodzdeliveryboy.flutterfirebasemessaginginitprovider"
208-->[:firebase_messaging] AndroidManifest.xml:41:13-88
209            android:exported="false"
209-->[:firebase_messaging] AndroidManifest.xml:42:13-37
210            android:initOrder="99" />
210-->[:firebase_messaging] AndroidManifest.xml:43:13-35
211        <provider
211-->[:image_picker] AndroidManifest.xml:11:9-19:20
212            android:name="io.flutter.plugins.imagepicker.ImagePickerFileProvider"
212-->[:image_picker] AndroidManifest.xml:12:13-82
213            android:authorities="com.edentech.fuodzdeliveryboy.flutter.image_provider"
213-->[:image_picker] AndroidManifest.xml:13:13-74
214            android:exported="false"
214-->[:image_picker] AndroidManifest.xml:14:13-37
215            android:grantUriPermissions="true" >
215-->[:image_picker] AndroidManifest.xml:15:13-47
216            <meta-data
216-->[:image_picker] AndroidManifest.xml:16:13-18:75
217                android:name="android.support.FILE_PROVIDER_PATHS"
217-->[:image_picker] AndroidManifest.xml:17:17-67
218                android:resource="@xml/flutter_image_picker_file_paths" />
218-->[:image_picker] AndroidManifest.xml:18:17-72
219        </provider>
220
221        <receiver android:name="com.dexterous.flutterlocalnotifications.ScheduledNotificationReceiver" />
221-->[:flutter_local_notifications] AndroidManifest.xml:12:9-106
221-->[:flutter_local_notifications] AndroidManifest.xml:12:19-103
222        <receiver android:name="com.dexterous.flutterlocalnotifications.ScheduledNotificationBootReceiver" >
222-->[:flutter_local_notifications] AndroidManifest.xml:13:9-20:20
222-->[:flutter_local_notifications] AndroidManifest.xml:13:19-107
223            <intent-filter>
223-->[:flutter_local_notifications] AndroidManifest.xml:14:13-19:29
224                <action android:name="android.intent.action.BOOT_COMPLETED" />
224-->[:flutter_local_notifications] AndroidManifest.xml:15:17-79
224-->[:flutter_local_notifications] AndroidManifest.xml:15:25-76
225                <action android:name="android.intent.action.MY_PACKAGE_REPLACED" />
225-->[:flutter_local_notifications] AndroidManifest.xml:16:17-84
225-->[:flutter_local_notifications] AndroidManifest.xml:16:25-81
226                <action android:name="android.intent.action.QUICKBOOT_POWERON" />
226-->[:flutter_local_notifications] AndroidManifest.xml:17:17-82
226-->[:flutter_local_notifications] AndroidManifest.xml:17:25-79
227                <action android:name="com.htc.intent.action.QUICKBOOT_POWERON" />
227-->[:flutter_local_notifications] AndroidManifest.xml:18:17-82
227-->[:flutter_local_notifications] AndroidManifest.xml:18:25-79
228            </intent-filter>
229        </receiver>
230        <receiver android:name="com.github.florent37.assets_audio_player.notification.NotificationActionReceiver" />
230-->[:assets_audio_player] AndroidManifest.xml:12:9-117
230-->[:assets_audio_player] AndroidManifest.xml:12:19-114
231        <receiver android:name="com.github.florent37.assets_audio_player.notification.CustomMediaButtonReceiver" >
231-->[:assets_audio_player] AndroidManifest.xml:13:9-17:20
231-->[:assets_audio_player] AndroidManifest.xml:13:19-113
232            <intent-filter>
232-->[:assets_audio_player] AndroidManifest.xml:14:13-16:29
233                <action android:name="android.intent.action.MEDIA_BUTTON" />
233-->[:assets_audio_player] AndroidManifest.xml:15:17-77
233-->[:assets_audio_player] AndroidManifest.xml:15:25-74
234            </intent-filter>
235        </receiver>
236
237        <service
237-->[:assets_audio_player] AndroidManifest.xml:19:9-29:19
238            android:name="com.github.florent37.assets_audio_player.notification.NotificationService"
238-->[:assets_audio_player] AndroidManifest.xml:20:13-101
239            android:enabled="true"
239-->[:assets_audio_player] AndroidManifest.xml:21:13-35
240            android:exported="true" >
240-->[:assets_audio_player] AndroidManifest.xml:22:13-36
241
242            <!--
243            <intent-filter>
244                <action android:name="android.intent.action.MEDIA_BUTTON" />
245            </intent-filter>
246            -->
247        </service>
248
249        <activity
249-->[:url_launcher] AndroidManifest.xml:8:9-11:74
250            android:name="io.flutter.plugins.urllauncher.WebViewActivity"
250-->[:url_launcher] AndroidManifest.xml:9:13-74
251            android:exported="false"
251-->[:url_launcher] AndroidManifest.xml:10:13-37
252            android:theme="@android:style/Theme.NoTitleBar.Fullscreen" />
252-->[:url_launcher] AndroidManifest.xml:11:13-71
253
254        <service
254-->[:location] AndroidManifest.xml:11:9-15:56
255            android:name="com.lyokone.location.FlutterLocationService"
255-->[:location] AndroidManifest.xml:12:13-71
256            android:enabled="true"
256-->[:location] AndroidManifest.xml:13:13-35
257            android:exported="false"
257-->[:location] AndroidManifest.xml:14:13-37
258            android:foregroundServiceType="location" />
258-->[:location] AndroidManifest.xml:15:13-53
259
260        <activity
260-->[com.google.firebase:firebase-auth:20.0.4] AndroidManifest.xml:27:9-44:20
261            android:name="com.google.firebase.auth.internal.GenericIdpActivity"
261-->[com.google.firebase:firebase-auth:20.0.4] AndroidManifest.xml:28:13-80
262            android:excludeFromRecents="true"
262-->[com.google.firebase:firebase-auth:20.0.4] AndroidManifest.xml:29:13-46
263            android:exported="true"
263-->[com.google.firebase:firebase-auth:20.0.4] AndroidManifest.xml:30:13-36
264            android:launchMode="singleTask"
264-->[com.google.firebase:firebase-auth:20.0.4] AndroidManifest.xml:31:13-44
265            android:theme="@android:style/Theme.Translucent.NoTitleBar" >
265-->[com.google.firebase:firebase-auth:20.0.4] AndroidManifest.xml:32:13-72
266            <intent-filter>
266-->[com.google.firebase:firebase-auth:20.0.4] AndroidManifest.xml:33:13-43:29
267                <action android:name="android.intent.action.VIEW" />
267-->[com.google.firebase:firebase-auth:20.0.4] AndroidManifest.xml:34:17-69
267-->[com.google.firebase:firebase-auth:20.0.4] AndroidManifest.xml:34:25-66
268
269                <category android:name="android.intent.category.DEFAULT" />
269-->src\main\AndroidManifest.xml:60:17-76
269-->src\main\AndroidManifest.xml:60:27-73
270                <category android:name="android.intent.category.BROWSABLE" />
270-->[com.google.firebase:firebase-auth:20.0.4] AndroidManifest.xml:37:17-78
270-->[com.google.firebase:firebase-auth:20.0.4] AndroidManifest.xml:37:27-75
271
272                <data
272-->[com.google.firebase:firebase-auth:20.0.4] AndroidManifest.xml:39:17-42:51
273                    android:host="firebase.auth"
273-->[com.google.firebase:firebase-auth:20.0.4] AndroidManifest.xml:40:21-49
274                    android:path="/"
274-->[com.google.firebase:firebase-auth:20.0.4] AndroidManifest.xml:41:21-37
275                    android:scheme="genericidp" />
275-->[com.google.firebase:firebase-auth:20.0.4] AndroidManifest.xml:42:21-48